CRITICAL - 2023-03-15 12:26:43 --> Undefined variable $dato
in APPPATH\Views\paises\paises.php on line 38.
 1 APPPATH\Views\paises\paises.php(38): CodeIgniter\Debug\Exceptions->errorHandler(2, 'Undefined variable $dato', 'APPPATH\\Views\\paises\\paises.php', 38)
 2 SYSTEMPATH\View\View.php(213): include('APPPATH\\Views\\paises\\paises.php')
 3 SYSTEMPATH\View\View.php(216): CodeIgniter\View\View->CodeIgniter\View\{closure}()
 4 SYSTEMPATH\Common.php(1184): CodeIgniter\View\View->render('/paises/paises', [], true)
 5 APPPATH\Controllers\Paises.php(22): view('/paises/paises', [...])
 6 SYSTEMPATH\CodeIgniter.php(934): App\Controllers\Paises->index()
 7 SYSTEMPATH\CodeIgniter.php(499): CodeIgniter\CodeIgniter->runController(Object(App\Controllers\Paises))
 8 SYSTEMPATH\CodeIgniter.php(368): CodeIgniter\CodeIgniter->handleRequest(null, Object(Config\Cache), false)
 9 FCPATH\index.php(67): CodeIgniter\CodeIgniter->run()
CRITICAL - 2023-03-15 12:28:08 --> Undefined variable $dato
in APPPATH\Views\paises\paises.php on line 38.
 1 APPPATH\Views\paises\paises.php(38): CodeIgniter\Debug\Exceptions->errorHandler(2, 'Undefined variable $dato', 'APPPATH\\Views\\paises\\paises.php', 38)
 2 SYSTEMPATH\View\View.php(213): include('APPPATH\\Views\\paises\\paises.php')
 3 SYSTEMPATH\View\View.php(216): CodeIgniter\View\View->CodeIgniter\View\{closure}()
 4 SYSTEMPATH\Common.php(1184): CodeIgniter\View\View->render('/paises/paises', [], true)
 5 APPPATH\Controllers\Paises.php(22): view('/paises/paises', [...])
 6 SYSTEMPATH\CodeIgniter.php(934): App\Controllers\Paises->index()
 7 SYSTEMPATH\CodeIgniter.php(499): CodeIgniter\CodeIgniter->runController(Object(App\Controllers\Paises))
 8 SYSTEMPATH\CodeIgniter.php(368): CodeIgniter\CodeIgniter->handleRequest(null, Object(Config\Cache), false)
 9 FCPATH\index.php(67): CodeIgniter\CodeIgniter->run()
CRITICAL - 2023-03-15 12:28:13 --> Undefined variable $dato
in APPPATH\Views\paises\paises.php on line 38.
 1 APPPATH\Views\paises\paises.php(38): CodeIgniter\Debug\Exceptions->errorHandler(2, 'Undefined variable $dato', 'APPPATH\\Views\\paises\\paises.php', 38)
 2 SYSTEMPATH\View\View.php(213): include('APPPATH\\Views\\paises\\paises.php')
 3 SYSTEMPATH\View\View.php(216): CodeIgniter\View\View->CodeIgniter\View\{closure}()
 4 SYSTEMPATH\Common.php(1184): CodeIgniter\View\View->render('/paises/paises', [], true)
 5 APPPATH\Controllers\Paises.php(22): view('/paises/paises', [...])
 6 SYSTEMPATH\CodeIgniter.php(934): App\Controllers\Paises->index()
 7 SYSTEMPATH\CodeIgniter.php(499): CodeIgniter\CodeIgniter->runController(Object(App\Controllers\Paises))
 8 SYSTEMPATH\CodeIgniter.php(368): CodeIgniter\CodeIgniter->handleRequest(null, Object(Config\Cache), false)
 9 FCPATH\index.php(67): CodeIgniter\CodeIgniter->run()
CRITICAL - 2023-03-15 12:31:21 --> Undefined variable $dato
in APPPATH\Views\paises\paises.php on line 38.
 1 APPPATH\Views\paises\paises.php(38): CodeIgniter\Debug\Exceptions->errorHandler(2, 'Undefined variable $dato', 'APPPATH\\Views\\paises\\paises.php', 38)
 2 SYSTEMPATH\View\View.php(213): include('APPPATH\\Views\\paises\\paises.php')
 3 SYSTEMPATH\View\View.php(216): CodeIgniter\View\View->CodeIgniter\View\{closure}()
 4 SYSTEMPATH\Common.php(1184): CodeIgniter\View\View->render('/paises/paises', [], true)
 5 APPPATH\Controllers\Paises.php(22): view('/paises/paises', [...])
 6 SYSTEMPATH\CodeIgniter.php(934): App\Controllers\Paises->index()
 7 SYSTEMPATH\CodeIgniter.php(499): CodeIgniter\CodeIgniter->runController(Object(App\Controllers\Paises))
 8 SYSTEMPATH\CodeIgniter.php(368): CodeIgniter\CodeIgniter->handleRequest(null, Object(Config\Cache), false)
 9 FCPATH\index.php(67): CodeIgniter\CodeIgniter->run()
CRITICAL - 2023-03-15 12:34:07 --> Undefined variable $pais
in APPPATH\Views\paises\paises.php on line 12.
 1 APPPATH\Views\paises\paises.php(12): CodeIgniter\Debug\Exceptions->errorHandler(2, 'Undefined variable $pais', 'APPPATH\\Views\\paises\\paises.php', 12)
 2 SYSTEMPATH\View\View.php(213): include('APPPATH\\Views\\paises\\paises.php')
 3 SYSTEMPATH\View\View.php(216): CodeIgniter\View\View->CodeIgniter\View\{closure}()
 4 SYSTEMPATH\Common.php(1184): CodeIgniter\View\View->render('/paises/paises', [], true)
 5 APPPATH\Controllers\Paises.php(22): view('/paises/paises', [...])
 6 SYSTEMPATH\CodeIgniter.php(934): App\Controllers\Paises->index()
 7 SYSTEMPATH\CodeIgniter.php(499): CodeIgniter\CodeIgniter->runController(Object(App\Controllers\Paises))
 8 SYSTEMPATH\CodeIgniter.php(368): CodeIgniter\CodeIgniter->handleRequest(null, Object(Config\Cache), false)
 9 FCPATH\index.php(67): CodeIgniter\CodeIgniter->run()
CRITICAL - 2023-03-15 12:34:11 --> Undefined variable $pais
in APPPATH\Views\paises\paises.php on line 12.
 1 APPPATH\Views\paises\paises.php(12): CodeIgniter\Debug\Exceptions->errorHandler(2, 'Undefined variable $pais', 'APPPATH\\Views\\paises\\paises.php', 12)
 2 SYSTEMPATH\View\View.php(213): include('APPPATH\\Views\\paises\\paises.php')
 3 SYSTEMPATH\View\View.php(216): CodeIgniter\View\View->CodeIgniter\View\{closure}()
 4 SYSTEMPATH\Common.php(1184): CodeIgniter\View\View->render('/paises/paises', [], true)
 5 APPPATH\Controllers\Paises.php(22): view('/paises/paises', [...])
 6 SYSTEMPATH\CodeIgniter.php(934): App\Controllers\Paises->index()
 7 SYSTEMPATH\CodeIgniter.php(499): CodeIgniter\CodeIgniter->runController(Object(App\Controllers\Paises))
 8 SYSTEMPATH\CodeIgniter.php(368): CodeIgniter\CodeIgniter->handleRequest(null, Object(Config\Cache), false)
 9 FCPATH\index.php(67): CodeIgniter\CodeIgniter->run()
CRITICAL - 2023-03-15 12:34:57 --> Undefined variable $pais
in APPPATH\Views\paises\paises.php on line 12.
 1 APPPATH\Views\paises\paises.php(12): CodeIgniter\Debug\Exceptions->errorHandler(2, 'Undefined variable $pais', 'APPPATH\\Views\\paises\\paises.php', 12)
 2 SYSTEMPATH\View\View.php(213): include('APPPATH\\Views\\paises\\paises.php')
 3 SYSTEMPATH\View\View.php(216): CodeIgniter\View\View->CodeIgniter\View\{closure}()
 4 SYSTEMPATH\Common.php(1184): CodeIgniter\View\View->render('/paises/paises', [], true)
 5 APPPATH\Controllers\Paises.php(22): view('/paises/paises', [...])
 6 SYSTEMPATH\CodeIgniter.php(934): App\Controllers\Paises->index()
 7 SYSTEMPATH\CodeIgniter.php(499): CodeIgniter\CodeIgniter->runController(Object(App\Controllers\Paises))
 8 SYSTEMPATH\CodeIgniter.php(368): CodeIgniter\CodeIgniter->handleRequest(null, Object(Config\Cache), false)
 9 FCPATH\index.php(67): CodeIgniter\CodeIgniter->run()
CRITICAL - 2023-03-15 12:35:00 --> Undefined variable $pais
in APPPATH\Views\paises\paises.php on line 12.
 1 APPPATH\Views\paises\paises.php(12): CodeIgniter\Debug\Exceptions->errorHandler(2, 'Undefined variable $pais', 'APPPATH\\Views\\paises\\paises.php', 12)
 2 SYSTEMPATH\View\View.php(213): include('APPPATH\\Views\\paises\\paises.php')
 3 SYSTEMPATH\View\View.php(216): CodeIgniter\View\View->CodeIgniter\View\{closure}()
 4 SYSTEMPATH\Common.php(1184): CodeIgniter\View\View->render('/paises/paises', [], true)
 5 APPPATH\Controllers\Paises.php(22): view('/paises/paises', [...])
 6 SYSTEMPATH\CodeIgniter.php(934): App\Controllers\Paises->index()
 7 SYSTEMPATH\CodeIgniter.php(499): CodeIgniter\CodeIgniter->runController(Object(App\Controllers\Paises))
 8 SYSTEMPATH\CodeIgniter.php(368): CodeIgniter\CodeIgniter->handleRequest(null, Object(Config\Cache), false)
 9 FCPATH\index.php(67): CodeIgniter\CodeIgniter->run()
CRITICAL - 2023-03-15 12:35:00 --> Undefined variable $pais
in APPPATH\Views\paises\paises.php on line 12.
 1 APPPATH\Views\paises\paises.php(12): CodeIgniter\Debug\Exceptions->errorHandler(2, 'Undefined variable $pais', 'APPPATH\\Views\\paises\\paises.php', 12)
 2 SYSTEMPATH\View\View.php(213): include('APPPATH\\Views\\paises\\paises.php')
 3 SYSTEMPATH\View\View.php(216): CodeIgniter\View\View->CodeIgniter\View\{closure}()
 4 SYSTEMPATH\Common.php(1184): CodeIgniter\View\View->render('/paises/paises', [], true)
 5 APPPATH\Controllers\Paises.php(22): view('/paises/paises', [...])
 6 SYSTEMPATH\CodeIgniter.php(934): App\Controllers\Paises->index()
 7 SYSTEMPATH\CodeIgniter.php(499): CodeIgniter\CodeIgniter->runController(Object(App\Controllers\Paises))
 8 SYSTEMPATH\CodeIgniter.php(368): CodeIgniter\CodeIgniter->handleRequest(null, Object(Config\Cache), false)
 9 FCPATH\index.php(67): CodeIgniter\CodeIgniter->run()
CRITICAL - 2023-03-15 12:35:19 --> Undefined variable $pais
in APPPATH\Views\paises\paises.php on line 12.
 1 APPPATH\Views\paises\paises.php(12): CodeIgniter\Debug\Exceptions->errorHandler(2, 'Undefined variable $pais', 'APPPATH\\Views\\paises\\paises.php', 12)
 2 SYSTEMPATH\View\View.php(213): include('APPPATH\\Views\\paises\\paises.php')
 3 SYSTEMPATH\View\View.php(216): CodeIgniter\View\View->CodeIgniter\View\{closure}()
 4 SYSTEMPATH\Common.php(1184): CodeIgniter\View\View->render('/paises/paises', [], true)
 5 APPPATH\Controllers\Paises.php(22): view('/paises/paises', [...])
 6 SYSTEMPATH\CodeIgniter.php(934): App\Controllers\Paises->index()
 7 SYSTEMPATH\CodeIgniter.php(499): CodeIgniter\CodeIgniter->runController(Object(App\Controllers\Paises))
 8 SYSTEMPATH\CodeIgniter.php(368): CodeIgniter\CodeIgniter->handleRequest(null, Object(Config\Cache), false)
 9 FCPATH\index.php(67): CodeIgniter\CodeIgniter->run()
CRITICAL - 2023-03-15 12:38:25 --> Undefined variable $dato
in APPPATH\Views\paises\paises.php on line 38.
 1 APPPATH\Views\paises\paises.php(38): CodeIgniter\Debug\Exceptions->errorHandler(2, 'Undefined variable $dato', 'APPPATH\\Views\\paises\\paises.php', 38)
 2 SYSTEMPATH\View\View.php(213): include('APPPATH\\Views\\paises\\paises.php')
 3 SYSTEMPATH\View\View.php(216): CodeIgniter\View\View->CodeIgniter\View\{closure}()
 4 SYSTEMPATH\Common.php(1184): CodeIgniter\View\View->render('/paises/paises', [], true)
 5 APPPATH\Controllers\Paises.php(22): view('/paises/paises', [...])
 6 SYSTEMPATH\CodeIgniter.php(934): App\Controllers\Paises->index()
 7 SYSTEMPATH\CodeIgniter.php(499): CodeIgniter\CodeIgniter->runController(Object(App\Controllers\Paises))
 8 SYSTEMPATH\CodeIgniter.php(368): CodeIgniter\CodeIgniter->handleRequest(null, Object(Config\Cache), false)
 9 FCPATH\index.php(67): CodeIgniter\CodeIgniter->run()
CRITICAL - 2023-03-15 12:42:41 --> Undefined variable $dato
in APPPATH\Views\paises\paises.php on line 39.
 1 APPPATH\Views\paises\paises.php(39): CodeIgniter\Debug\Exceptions->errorHandler(2, 'Undefined variable $dato', 'APPPATH\\Views\\paises\\paises.php', 39)
 2 SYSTEMPATH\View\View.php(213): include('APPPATH\\Views\\paises\\paises.php')
 3 SYSTEMPATH\View\View.php(216): CodeIgniter\View\View->CodeIgniter\View\{closure}()
 4 SYSTEMPATH\Common.php(1184): CodeIgniter\View\View->render('/paises/paises', [], true)
 5 APPPATH\Controllers\Paises.php(22): view('/paises/paises', [...])
 6 SYSTEMPATH\CodeIgniter.php(934): App\Controllers\Paises->index()
 7 SYSTEMPATH\CodeIgniter.php(499): CodeIgniter\CodeIgniter->runController(Object(App\Controllers\Paises))
 8 SYSTEMPATH\CodeIgniter.php(368): CodeIgniter\CodeIgniter->handleRequest(null, Object(Config\Cache), false)
 9 FCPATH\index.php(67): CodeIgniter\CodeIgniter->run()
CRITICAL - 2023-03-15 12:43:25 --> Undefined variable $dato
in APPPATH\Views\paises\paises.php on line 39.
 1 APPPATH\Views\paises\paises.php(39): CodeIgniter\Debug\Exceptions->errorHandler(2, 'Undefined variable $dato', 'APPPATH\\Views\\paises\\paises.php', 39)
 2 SYSTEMPATH\View\View.php(213): include('APPPATH\\Views\\paises\\paises.php')
 3 SYSTEMPATH\View\View.php(216): CodeIgniter\View\View->CodeIgniter\View\{closure}()
 4 SYSTEMPATH\Common.php(1184): CodeIgniter\View\View->render('/paises/paises', [], true)
 5 APPPATH\Controllers\Paises.php(22): view('/paises/paises', [...])
 6 SYSTEMPATH\CodeIgniter.php(934): App\Controllers\Paises->index()
 7 SYSTEMPATH\CodeIgniter.php(499): CodeIgniter\CodeIgniter->runController(Object(App\Controllers\Paises))
 8 SYSTEMPATH\CodeIgniter.php(368): CodeIgniter\CodeIgniter->handleRequest(null, Object(Config\Cache), false)
 9 FCPATH\index.php(67): CodeIgniter\CodeIgniter->run()
CRITICAL - 2023-03-15 12:44:47 --> Undefined variable $dato
in APPPATH\Views\paises\paises.php on line 39.
 1 APPPATH\Views\paises\paises.php(39): CodeIgniter\Debug\Exceptions->errorHandler(2, 'Undefined variable $dato', 'APPPATH\\Views\\paises\\paises.php', 39)
 2 SYSTEMPATH\View\View.php(213): include('APPPATH\\Views\\paises\\paises.php')
 3 SYSTEMPATH\View\View.php(216): CodeIgniter\View\View->CodeIgniter\View\{closure}()
 4 SYSTEMPATH\Common.php(1184): CodeIgniter\View\View->render('/paises/paises', [], true)
 5 APPPATH\Controllers\Paises.php(22): view('/paises/paises', [...])
 6 SYSTEMPATH\CodeIgniter.php(934): App\Controllers\Paises->index()
 7 SYSTEMPATH\CodeIgniter.php(499): CodeIgniter\CodeIgniter->runController(Object(App\Controllers\Paises))
 8 SYSTEMPATH\CodeIgniter.php(368): CodeIgniter\CodeIgniter->handleRequest(null, Object(Config\Cache), false)
 9 FCPATH\index.php(67): CodeIgniter\CodeIgniter->run()
CRITICAL - 2023-03-15 12:46:57 --> Undefined variable $dato
in APPPATH\Views\paises\paises.php on line 39.
 1 APPPATH\Views\paises\paises.php(39): CodeIgniter\Debug\Exceptions->errorHandler(2, 'Undefined variable $dato', 'APPPATH\\Views\\paises\\paises.php', 39)
 2 SYSTEMPATH\View\View.php(213): include('APPPATH\\Views\\paises\\paises.php')
 3 SYSTEMPATH\View\View.php(216): CodeIgniter\View\View->CodeIgniter\View\{closure}()
 4 SYSTEMPATH\Common.php(1184): CodeIgniter\View\View->render('/paises/paises', [], true)
 5 APPPATH\Controllers\Paises.php(22): view('/paises/paises', [...])
 6 SYSTEMPATH\CodeIgniter.php(934): App\Controllers\Paises->index()
 7 SYSTEMPATH\CodeIgniter.php(499): CodeIgniter\CodeIgniter->runController(Object(App\Controllers\Paises))
 8 SYSTEMPATH\CodeIgniter.php(368): CodeIgniter\CodeIgniter->handleRequest(null, Object(Config\Cache), false)
 9 FCPATH\index.php(67): CodeIgniter\CodeIgniter->run()
CRITICAL - 2023-03-15 12:48:32 --> Undefined variable $dato
in APPPATH\Views\paises\paises.php on line 39.
 1 APPPATH\Views\paises\paises.php(39): CodeIgniter\Debug\Exceptions->errorHandler(2, 'Undefined variable $dato', 'APPPATH\\Views\\paises\\paises.php', 39)
 2 SYSTEMPATH\View\View.php(213): include('APPPATH\\Views\\paises\\paises.php')
 3 SYSTEMPATH\View\View.php(216): CodeIgniter\View\View->CodeIgniter\View\{closure}()
 4 SYSTEMPATH\Common.php(1184): CodeIgniter\View\View->render('/paises/paises', [], true)
 5 APPPATH\Controllers\Paises.php(22): view('/paises/paises', [...])
 6 SYSTEMPATH\CodeIgniter.php(934): App\Controllers\Paises->index()
 7 SYSTEMPATH\CodeIgniter.php(499): CodeIgniter\CodeIgniter->runController(Object(App\Controllers\Paises))
 8 SYSTEMPATH\CodeIgniter.php(368): CodeIgniter\CodeIgniter->handleRequest(null, Object(Config\Cache), false)
 9 FCPATH\index.php(67): CodeIgniter\CodeIgniter->run()
CRITICAL - 2023-03-15 12:48:53 --> Undefined variable $dato
in APPPATH\Views\paises\paises.php on line 39.
 1 APPPATH\Views\paises\paises.php(39): CodeIgniter\Debug\Exceptions->errorHandler(2, 'Undefined variable $dato', 'APPPATH\\Views\\paises\\paises.php', 39)
 2 SYSTEMPATH\View\View.php(213): include('APPPATH\\Views\\paises\\paises.php')
 3 SYSTEMPATH\View\View.php(216): CodeIgniter\View\View->CodeIgniter\View\{closure}()
 4 SYSTEMPATH\Common.php(1184): CodeIgniter\View\View->render('/paises/paises', [], true)
 5 APPPATH\Controllers\Paises.php(22): view('/paises/paises', [...])
 6 SYSTEMPATH\CodeIgniter.php(934): App\Controllers\Paises->index()
 7 SYSTEMPATH\CodeIgniter.php(499): CodeIgniter\CodeIgniter->runController(Object(App\Controllers\Paises))
 8 SYSTEMPATH\CodeIgniter.php(368): CodeIgniter\CodeIgniter->handleRequest(null, Object(Config\Cache), false)
 9 FCPATH\index.php(67): CodeIgniter\CodeIgniter->run()
CRITICAL - 2023-03-15 12:50:29 --> Undefined variable $dato
in APPPATH\Views\paises\paises.php on line 39.
 1 APPPATH\Views\paises\paises.php(39): CodeIgniter\Debug\Exceptions->errorHandler(2, 'Undefined variable $dato', 'APPPATH\\Views\\paises\\paises.php', 39)
 2 SYSTEMPATH\View\View.php(213): include('APPPATH\\Views\\paises\\paises.php')
 3 SYSTEMPATH\View\View.php(216): CodeIgniter\View\View->CodeIgniter\View\{closure}()
 4 SYSTEMPATH\Common.php(1184): CodeIgniter\View\View->render('/paises/paises', [], true)
 5 APPPATH\Controllers\Paises.php(22): view('/paises/paises', [...])
 6 SYSTEMPATH\CodeIgniter.php(934): App\Controllers\Paises->index()
 7 SYSTEMPATH\CodeIgniter.php(499): CodeIgniter\CodeIgniter->runController(Object(App\Controllers\Paises))
 8 SYSTEMPATH\CodeIgniter.php(368): CodeIgniter\CodeIgniter->handleRequest(null, Object(Config\Cache), false)
 9 FCPATH\index.php(67): CodeIgniter\CodeIgniter->run()
CRITICAL - 2023-03-15 12:50:32 --> Undefined variable $dato
in APPPATH\Views\paises\paises.php on line 39.
 1 APPPATH\Views\paises\paises.php(39): CodeIgniter\Debug\Exceptions->errorHandler(2, 'Undefined variable $dato', 'APPPATH\\Views\\paises\\paises.php', 39)
 2 SYSTEMPATH\View\View.php(213): include('APPPATH\\Views\\paises\\paises.php')
 3 SYSTEMPATH\View\View.php(216): CodeIgniter\View\View->CodeIgniter\View\{closure}()
 4 SYSTEMPATH\Common.php(1184): CodeIgniter\View\View->render('/paises/paises', [], true)
 5 APPPATH\Controllers\Paises.php(22): view('/paises/paises', [...])
 6 SYSTEMPATH\CodeIgniter.php(934): App\Controllers\Paises->index()
 7 SYSTEMPATH\CodeIgniter.php(499): CodeIgniter\CodeIgniter->runController(Object(App\Controllers\Paises))
 8 SYSTEMPATH\CodeIgniter.php(368): CodeIgniter\CodeIgniter->handleRequest(null, Object(Config\Cache), false)
 9 FCPATH\index.php(67): CodeIgniter\CodeIgniter->run()
CRITICAL - 2023-03-15 12:52:50 --> Undefined variable $dato
in APPPATH\Views\paises\paises.php on line 39.
 1 APPPATH\Views\paises\paises.php(39): CodeIgniter\Debug\Exceptions->errorHandler(2, 'Undefined variable $dato', 'APPPATH\\Views\\paises\\paises.php', 39)
 2 SYSTEMPATH\View\View.php(213): include('APPPATH\\Views\\paises\\paises.php')
 3 SYSTEMPATH\View\View.php(216): CodeIgniter\View\View->CodeIgniter\View\{closure}()
 4 SYSTEMPATH\Common.php(1184): CodeIgniter\View\View->render('/paises/paises', [], true)
 5 APPPATH\Controllers\Paises.php(22): view('/paises/paises', [...])
 6 SYSTEMPATH\CodeIgniter.php(934): App\Controllers\Paises->index()
 7 SYSTEMPATH\CodeIgniter.php(499): CodeIgniter\CodeIgniter->runController(Object(App\Controllers\Paises))
 8 SYSTEMPATH\CodeIgniter.php(368): CodeIgniter\CodeIgniter->handleRequest(null, Object(Config\Cache), false)
 9 FCPATH\index.php(67): CodeIgniter\CodeIgniter->run()
CRITICAL - 2023-03-15 12:52:58 --> Undefined variable $dato
in APPPATH\Views\paises\paises.php on line 39.
 1 APPPATH\Views\paises\paises.php(39): CodeIgniter\Debug\Exceptions->errorHandler(2, 'Undefined variable $dato', 'APPPATH\\Views\\paises\\paises.php', 39)
 2 SYSTEMPATH\View\View.php(213): include('APPPATH\\Views\\paises\\paises.php')
 3 SYSTEMPATH\View\View.php(216): CodeIgniter\View\View->CodeIgniter\View\{closure}()
 4 SYSTEMPATH\Common.php(1184): CodeIgniter\View\View->render('/paises/paises', [], true)
 5 APPPATH\Controllers\Paises.php(22): view('/paises/paises', [...])
 6 SYSTEMPATH\CodeIgniter.php(934): App\Controllers\Paises->index()
 7 SYSTEMPATH\CodeIgniter.php(499): CodeIgniter\CodeIgniter->runController(Object(App\Controllers\Paises))
 8 SYSTEMPATH\CodeIgniter.php(368): CodeIgniter\CodeIgniter->handleRequest(null, Object(Config\Cache), false)
 9 FCPATH\index.php(67): CodeIgniter\CodeIgniter->run()
CRITICAL - 2023-03-15 12:54:41 --> Undefined variable $dato
in APPPATH\Views\paises\paises.php on line 39.
 1 APPPATH\Views\paises\paises.php(39): CodeIgniter\Debug\Exceptions->errorHandler(2, 'Undefined variable $dato', 'APPPATH\\Views\\paises\\paises.php', 39)
 2 SYSTEMPATH\View\View.php(213): include('APPPATH\\Views\\paises\\paises.php')
 3 SYSTEMPATH\View\View.php(216): CodeIgniter\View\View->CodeIgniter\View\{closure}()
 4 SYSTEMPATH\Common.php(1184): CodeIgniter\View\View->render('/paises/paises', [], true)
 5 APPPATH\Controllers\Paises.php(22): view('/paises/paises', [...])
 6 SYSTEMPATH\CodeIgniter.php(934): App\Controllers\Paises->index()
 7 SYSTEMPATH\CodeIgniter.php(499): CodeIgniter\CodeIgniter->runController(Object(App\Controllers\Paises))
 8 SYSTEMPATH\CodeIgniter.php(368): CodeIgniter\CodeIgniter->handleRequest(null, Object(Config\Cache), false)
 9 FCPATH\index.php(67): CodeIgniter\CodeIgniter->run()
CRITICAL - 2023-03-15 12:55:15 --> Undefined variable $dato
in APPPATH\Views\paises\paises.php on line 39.
 1 APPPATH\Views\paises\paises.php(39): CodeIgniter\Debug\Exceptions->errorHandler(2, 'Undefined variable $dato', 'APPPATH\\Views\\paises\\paises.php', 39)
 2 SYSTEMPATH\View\View.php(213): include('APPPATH\\Views\\paises\\paises.php')
 3 SYSTEMPATH\View\View.php(216): CodeIgniter\View\View->CodeIgniter\View\{closure}()
 4 SYSTEMPATH\Common.php(1184): CodeIgniter\View\View->render('/paises/paises', [], true)
 5 APPPATH\Controllers\Paises.php(22): view('/paises/paises', [...])
 6 SYSTEMPATH\CodeIgniter.php(934): App\Controllers\Paises->index()
 7 SYSTEMPATH\CodeIgniter.php(499): CodeIgniter\CodeIgniter->runController(Object(App\Controllers\Paises))
 8 SYSTEMPATH\CodeIgniter.php(368): CodeIgniter\CodeIgniter->handleRequest(null, Object(Config\Cache), false)
 9 FCPATH\index.php(67): CodeIgniter\CodeIgniter->run()
CRITICAL - 2023-03-15 12:55:26 --> Undefined variable $dato
in APPPATH\Views\paises\paises.php on line 39.
 1 APPPATH\Views\paises\paises.php(39): CodeIgniter\Debug\Exceptions->errorHandler(2, 'Undefined variable $dato', 'APPPATH\\Views\\paises\\paises.php', 39)
 2 SYSTEMPATH\View\View.php(213): include('APPPATH\\Views\\paises\\paises.php')
 3 SYSTEMPATH\View\View.php(216): CodeIgniter\View\View->CodeIgniter\View\{closure}()
 4 SYSTEMPATH\Common.php(1184): CodeIgniter\View\View->render('/paises/paises', [], true)
 5 APPPATH\Controllers\Paises.php(22): view('/paises/paises', [...])
 6 SYSTEMPATH\CodeIgniter.php(934): App\Controllers\Paises->index()
 7 SYSTEMPATH\CodeIgniter.php(499): CodeIgniter\CodeIgniter->runController(Object(App\Controllers\Paises))
 8 SYSTEMPATH\CodeIgniter.php(368): CodeIgniter\CodeIgniter->handleRequest(null, Object(Config\Cache), false)
 9 FCPATH\index.php(67): CodeIgniter\CodeIgniter->run()
CRITICAL - 2023-03-15 12:55:49 --> Undefined variable $dato
in APPPATH\Views\paises\paises.php on line 39.
 1 APPPATH\Views\paises\paises.php(39): CodeIgniter\Debug\Exceptions->errorHandler(2, 'Undefined variable $dato', 'APPPATH\\Views\\paises\\paises.php', 39)
 2 SYSTEMPATH\View\View.php(213): include('APPPATH\\Views\\paises\\paises.php')
 3 SYSTEMPATH\View\View.php(216): CodeIgniter\View\View->CodeIgniter\View\{closure}()
 4 SYSTEMPATH\Common.php(1184): CodeIgniter\View\View->render('/paises/paises', [], true)
 5 APPPATH\Controllers\Paises.php(22): view('/paises/paises', [...])
 6 SYSTEMPATH\CodeIgniter.php(934): App\Controllers\Paises->index()
 7 SYSTEMPATH\CodeIgniter.php(499): CodeIgniter\CodeIgniter->runController(Object(App\Controllers\Paises))
 8 SYSTEMPATH\CodeIgniter.php(368): CodeIgniter\CodeIgniter->handleRequest(null, Object(Config\Cache), false)
 9 FCPATH\index.php(67): CodeIgniter\CodeIgniter->run()
CRITICAL - 2023-03-15 12:56:07 --> Undefined variable $dato
in APPPATH\Views\paises\paises.php on line 39.
 1 APPPATH\Views\paises\paises.php(39): CodeIgniter\Debug\Exceptions->errorHandler(2, 'Undefined variable $dato', 'APPPATH\\Views\\paises\\paises.php', 39)
 2 SYSTEMPATH\View\View.php(213): include('APPPATH\\Views\\paises\\paises.php')
 3 SYSTEMPATH\View\View.php(216): CodeIgniter\View\View->CodeIgniter\View\{closure}()
 4 SYSTEMPATH\Common.php(1184): CodeIgniter\View\View->render('/paises/paises', [], true)
 5 APPPATH\Controllers\Paises.php(22): view('/paises/paises', [...])
 6 SYSTEMPATH\CodeIgniter.php(934): App\Controllers\Paises->index()
 7 SYSTEMPATH\CodeIgniter.php(499): CodeIgniter\CodeIgniter->runController(Object(App\Controllers\Paises))
 8 SYSTEMPATH\CodeIgniter.php(368): CodeIgniter\CodeIgniter->handleRequest(null, Object(Config\Cache), false)
 9 FCPATH\index.php(67): CodeIgniter\CodeIgniter->run()
CRITICAL - 2023-03-15 12:57:47 --> Undefined variable $dato
in APPPATH\Views\paises\paises.php on line 39.
 1 APPPATH\Views\paises\paises.php(39): CodeIgniter\Debug\Exceptions->errorHandler(2, 'Undefined variable $dato', 'APPPATH\\Views\\paises\\paises.php', 39)
 2 SYSTEMPATH\View\View.php(213): include('APPPATH\\Views\\paises\\paises.php')
 3 SYSTEMPATH\View\View.php(216): CodeIgniter\View\View->CodeIgniter\View\{closure}()
 4 SYSTEMPATH\Common.php(1184): CodeIgniter\View\View->render('/paises/paises', [], true)
 5 APPPATH\Controllers\Paises.php(22): view('/paises/paises', [...])
 6 SYSTEMPATH\CodeIgniter.php(934): App\Controllers\Paises->index()
 7 SYSTEMPATH\CodeIgniter.php(499): CodeIgniter\CodeIgniter->runController(Object(App\Controllers\Paises))
 8 SYSTEMPATH\CodeIgniter.php(368): CodeIgniter\CodeIgniter->handleRequest(null, Object(Config\Cache), false)
 9 FCPATH\index.php(67): CodeIgniter\CodeIgniter->run()
CRITICAL - 2023-03-15 14:09:04 --> Undefined variable $dato
in APPPATH\Views\paises\paises.php on line 38.
 1 APPPATH\Views\paises\paises.php(38): CodeIgniter\Debug\Exceptions->errorHandler(2, 'Undefined variable $dato', 'APPPATH\\Views\\paises\\paises.php', 38)
 2 SYSTEMPATH\View\View.php(213): include('APPPATH\\Views\\paises\\paises.php')
 3 SYSTEMPATH\View\View.php(216): CodeIgniter\View\View->CodeIgniter\View\{closure}()
 4 SYSTEMPATH\Common.php(1184): CodeIgniter\View\View->render('/paises/paises', [], true)
 5 APPPATH\Controllers\Paises.php(22): view('/paises/paises', [...])
 6 SYSTEMPATH\CodeIgniter.php(934): App\Controllers\Paises->index()
 7 SYSTEMPATH\CodeIgniter.php(499): CodeIgniter\CodeIgniter->runController(Object(App\Controllers\Paises))
 8 SYSTEMPATH\CodeIgniter.php(368): CodeIgniter\CodeIgniter->handleRequest(null, Object(Config\Cache), false)
 9 FCPATH\index.php(67): CodeIgniter\CodeIgniter->run()
CRITICAL - 2023-03-15 14:09:31 --> Undefined variable $dato
in APPPATH\Views\paises\paises.php on line 38.
 1 APPPATH\Views\paises\paises.php(38): CodeIgniter\Debug\Exceptions->errorHandler(2, 'Undefined variable $dato', 'APPPATH\\Views\\paises\\paises.php', 38)
 2 SYSTEMPATH\View\View.php(213): include('APPPATH\\Views\\paises\\paises.php')
 3 SYSTEMPATH\View\View.php(216): CodeIgniter\View\View->CodeIgniter\View\{closure}()
 4 SYSTEMPATH\Common.php(1184): CodeIgniter\View\View->render('/paises/paises', [], true)
 5 APPPATH\Controllers\Paises.php(22): view('/paises/paises', [...])
 6 SYSTEMPATH\CodeIgniter.php(934): App\Controllers\Paises->index()
 7 SYSTEMPATH\CodeIgniter.php(499): CodeIgniter\CodeIgniter->runController(Object(App\Controllers\Paises))
 8 SYSTEMPATH\CodeIgniter.php(368): CodeIgniter\CodeIgniter->handleRequest(null, Object(Config\Cache), false)
 9 FCPATH\index.php(67): CodeIgniter\CodeIgniter->run()
CRITICAL - 2023-03-15 14:09:34 --> Undefined variable $dato
in APPPATH\Views\paises\paises.php on line 38.
 1 APPPATH\Views\paises\paises.php(38): CodeIgniter\Debug\Exceptions->errorHandler(2, 'Undefined variable $dato', 'APPPATH\\Views\\paises\\paises.php', 38)
 2 SYSTEMPATH\View\View.php(213): include('APPPATH\\Views\\paises\\paises.php')
 3 SYSTEMPATH\View\View.php(216): CodeIgniter\View\View->CodeIgniter\View\{closure}()
 4 SYSTEMPATH\Common.php(1184): CodeIgniter\View\View->render('/paises/paises', [], true)
 5 APPPATH\Controllers\Paises.php(22): view('/paises/paises', [...])
 6 SYSTEMPATH\CodeIgniter.php(934): App\Controllers\Paises->index()
 7 SYSTEMPATH\CodeIgniter.php(499): CodeIgniter\CodeIgniter->runController(Object(App\Controllers\Paises))
 8 SYSTEMPATH\CodeIgniter.php(368): CodeIgniter\CodeIgniter->handleRequest(null, Object(Config\Cache), false)
 9 FCPATH\index.php(67): CodeIgniter\CodeIgniter->run()
CRITICAL - 2023-03-15 14:23:49 --> Undefined variable $dato
in APPPATH\Views\paises\paises.php on line 38.
 1 APPPATH\Views\paises\paises.php(38): CodeIgniter\Debug\Exceptions->errorHandler(2, 'Undefined variable $dato', 'APPPATH\\Views\\paises\\paises.php', 38)
 2 SYSTEMPATH\View\View.php(213): include('APPPATH\\Views\\paises\\paises.php')
 3 SYSTEMPATH\View\View.php(216): CodeIgniter\View\View->CodeIgniter\View\{closure}()
 4 SYSTEMPATH\Common.php(1184): CodeIgniter\View\View->render('/paises/paises', [], true)
 5 APPPATH\Controllers\Paises.php(22): view('/paises/paises', [...])
 6 SYSTEMPATH\CodeIgniter.php(934): App\Controllers\Paises->index()
 7 SYSTEMPATH\CodeIgniter.php(499): CodeIgniter\CodeIgniter->runController(Object(App\Controllers\Paises))
 8 SYSTEMPATH\CodeIgniter.php(368): CodeIgniter\CodeIgniter->handleRequest(null, Object(Config\Cache), false)
 9 FCPATH\index.php(67): CodeIgniter\CodeIgniter->run()
CRITICAL - 2023-03-15 16:17:24 --> Undefined variable $pais
in APPPATH\Views\empleados\empleados.php on line 46.
 1 APPPATH\Views\empleados\empleados.php(46): CodeIgniter\Debug\Exceptions->errorHandler(2, 'Undefined variable $pais', 'APPPATH\\Views\\empleados\\empleados.php', 46)
 2 SYSTEMPATH\View\View.php(213): include('APPPATH\\Views\\empleados\\empleados.php')
 3 SYSTEMPATH\View\View.php(216): CodeIgniter\View\View->CodeIgniter\View\{closure}()
 4 SYSTEMPATH\Common.php(1184): CodeIgniter\View\View->render('/empleados/empleados', [], true)
 5 APPPATH\Controllers\Empleados.php(22): view('/empleados/empleados', [...])
 6 SYSTEMPATH\CodeIgniter.php(934): App\Controllers\Empleados->index()
 7 SYSTEMPATH\CodeIgniter.php(499): CodeIgniter\CodeIgniter->runController(Object(App\Controllers\Empleados))
 8 SYSTEMPATH\CodeIgniter.php(368): CodeIgniter\CodeIgniter->handleRequest(null, Object(Config\Cache), false)
 9 FCPATH\index.php(67): CodeIgniter\CodeIgniter->run()
CRITICAL - 2023-03-15 16:17:29 --> Undefined variable $pais
in APPPATH\Views\departamentos\departamentos.php on line 33.
 1 APPPATH\Views\departamentos\departamentos.php(33): CodeIgniter\Debug\Exceptions->errorHandler(2, 'Undefined variable $pais', 'APPPATH\\Views\\departamentos\\departamentos.php', 33)
 2 SYSTEMPATH\View\View.php(213): include('APPPATH\\Views\\departamentos\\departamentos.php')
 3 SYSTEMPATH\View\View.php(216): CodeIgniter\View\View->CodeIgniter\View\{closure}()
 4 SYSTEMPATH\Common.php(1184): CodeIgniter\View\View->render('/departamentos/departamentos', [], true)
 5 APPPATH\Controllers\Departamentos.php(22): view('/departamentos/departamentos', [...])
 6 SYSTEMPATH\CodeIgniter.php(934): App\Controllers\Departamentos->index()
 7 SYSTEMPATH\CodeIgniter.php(499): CodeIgniter\CodeIgniter->runController(Object(App\Controllers\Departamentos))
 8 SYSTEMPATH\CodeIgniter.php(368): CodeIgniter\CodeIgniter->handleRequest(null, Object(Config\Cache), false)
 9 FCPATH\index.php(67): CodeIgniter\CodeIgniter->run()
CRITICAL - 2023-03-15 16:18:15 --> Undefined variable $pais
in APPPATH\Views\departamentos\departamentos.php on line 33.
 1 APPPATH\Views\departamentos\departamentos.php(33): CodeIgniter\Debug\Exceptions->errorHandler(2, 'Undefined variable $pais', 'APPPATH\\Views\\departamentos\\departamentos.php', 33)
 2 SYSTEMPATH\View\View.php(213): include('APPPATH\\Views\\departamentos\\departamentos.php')
 3 SYSTEMPATH\View\View.php(216): CodeIgniter\View\View->CodeIgniter\View\{closure}()
 4 SYSTEMPATH\Common.php(1184): CodeIgniter\View\View->render('/departamentos/departamentos', [], true)
 5 APPPATH\Controllers\Departamentos.php(22): view('/departamentos/departamentos', [...])
 6 SYSTEMPATH\CodeIgniter.php(934): App\Controllers\Departamentos->index()
 7 SYSTEMPATH\CodeIgniter.php(499): CodeIgniter\CodeIgniter->runController(Object(App\Controllers\Departamentos))
 8 SYSTEMPATH\CodeIgniter.php(368): CodeIgniter\CodeIgniter->handleRequest(null, Object(Config\Cache), false)
 9 FCPATH\index.php(67): CodeIgniter\CodeIgniter->run()
CRITICAL - 2023-03-15 16:18:17 --> Undefined variable $pais
in APPPATH\Views\departamentos\departamentos.php on line 33.
 1 APPPATH\Views\departamentos\departamentos.php(33): CodeIgniter\Debug\Exceptions->errorHandler(2, 'Undefined variable $pais', 'APPPATH\\Views\\departamentos\\departamentos.php', 33)
 2 SYSTEMPATH\View\View.php(213): include('APPPATH\\Views\\departamentos\\departamentos.php')
 3 SYSTEMPATH\View\View.php(216): CodeIgniter\View\View->CodeIgniter\View\{closure}()
 4 SYSTEMPATH\Common.php(1184): CodeIgniter\View\View->render('/departamentos/departamentos', [], true)
 5 APPPATH\Controllers\Departamentos.php(22): view('/departamentos/departamentos', [...])
 6 SYSTEMPATH\CodeIgniter.php(934): App\Controllers\Departamentos->index()
 7 SYSTEMPATH\CodeIgniter.php(499): CodeIgniter\CodeIgniter->runController(Object(App\Controllers\Departamentos))
 8 SYSTEMPATH\CodeIgniter.php(368): CodeIgniter\CodeIgniter->handleRequest(null, Object(Config\Cache), false)
 9 FCPATH\index.php(67): CodeIgniter\CodeIgniter->run()
